01/21/2019 03:46:11 PM Started Processing
01/21/2019 03:46:11 PM Fetching Input
01/21/2019 03:51:38 PM ------------------------------------------------------------------------------------------
01/21/2019 03:51:38 PM ------------------------------------Started Processing------------------------------------
01/21/2019 03:51:38 PM ------------------------------------------------------------------------------------------
01/21/2019 03:51:38 PM Fetching Input
01/21/2019 03:51:38 PM Document Nametest.xlsx
01/21/2019 03:51:38 PM Tab Namemytab2
01/21/2019 03:51:38 PM Column NameColumn C
01/21/2019 03:51:38 PM Search Text1234567
01/21/2019 03:51:38 PM Reading Input File
01/21/2019 03:52:47 PM ------------------------------------------------------------------------------------------
01/21/2019 03:52:47 PM ------------------------------------Started Processing------------------------------------
01/21/2019 03:52:47 PM ------------------------------------------------------------------------------------------
01/21/2019 03:52:47 PM Fetching Input
01/21/2019 03:52:47 PM Document Nametest.xlsx
01/21/2019 03:52:47 PM Tab Namemytab2
01/21/2019 03:52:47 PM Column NameColumn C
01/21/2019 03:52:47 PM Search Text1234567
01/21/2019 03:52:47 PM Reading Input File
01/21/2019 03:53:48 PM ------------------------------------------------------------------------------------------
01/21/2019 03:53:48 PM ------------------------------------Started Processing------------------------------------
01/21/2019 03:53:48 PM ------------------------------------------------------------------------------------------
01/21/2019 03:53:48 PM Fetching Input
01/21/2019 03:53:48 PM Document Nametest.xlsx
01/21/2019 03:53:48 PM Tab Namemytab2
01/21/2019 03:53:48 PM Column NameColumn C
01/21/2019 03:53:48 PM Search Text1234567
01/21/2019 03:53:48 PM Reading Input File
01/21/2019 03:57:44 PM ------------------------------------------------------------------------------------------
01/21/2019 03:57:44 PM ------------------------------------Started Processing------------------------------------
01/21/2019 03:57:44 PM ------------------------------------------------------------------------------------------
01/21/2019 03:57:44 PM Fetching Input
01/21/2019 03:57:44 PM Document Nametest.xlsx
01/21/2019 03:57:44 PM Tab Namemytab2
01/21/2019 03:57:44 PM Column NameColumn C
01/21/2019 03:57:44 PM Search Text1234567
01/21/2019 03:57:44 PM Reading Input File
01/21/2019 04:03:22 PM ------------------------------------------------------------------------------------------
01/21/2019 04:03:22 PM ------------------------------------Started Processing------------------------------------
01/21/2019 04:03:22 PM ------------------------------------------------------------------------------------------
01/21/2019 04:03:22 PM Fetching Input
01/21/2019 04:03:22 PM Document Nametest.xlsx
01/21/2019 04:03:22 PM Tab Namemytab2
01/21/2019 04:03:22 PM Column NameColumn C
01/21/2019 04:03:22 PM Search Text1234567
01/21/2019 04:03:22 PM Reading Input File
01/21/2019 04:03:35 PM ------------------------------------------------------------------------------------------
01/21/2019 04:03:35 PM ------------------------------------Started Processing------------------------------------
01/21/2019 04:03:35 PM ------------------------------------------------------------------------------------------
01/21/2019 04:03:35 PM Fetching Input
01/21/2019 04:03:35 PM Document Nametest.xlsx
01/21/2019 04:03:35 PM Tab Namemytab2
01/21/2019 04:03:35 PM Column NameColumn C
01/21/2019 04:03:35 PM Search Text1234567
01/21/2019 04:03:35 PM Reading Input File
01/21/2019 04:03:48 PM ------------------------------------------------------------------------------------------
01/21/2019 04:03:48 PM ------------------------------------Started Processing------------------------------------
01/21/2019 04:03:48 PM ------------------------------------------------------------------------------------------
01/21/2019 04:03:48 PM Fetching Input
01/21/2019 04:03:48 PM Document Nametest.xlsx
01/21/2019 04:03:48 PM Tab Namemytab2
01/21/2019 04:03:48 PM Column NameColumn C
01/21/2019 04:03:48 PM Search Text1234567
01/21/2019 04:03:48 PM Reading Input File
01/21/2019 04:07:07 PM ------------------------------------------------------------------------------------------
01/21/2019 04:07:07 PM ------------------------------------Started Processing------------------------------------
01/21/2019 04:07:07 PM ------------------------------------------------------------------------------------------
01/21/2019 04:07:07 PM Fetching Input
01/21/2019 04:07:07 PM Document Nametest.xlsx
01/21/2019 04:07:07 PM Tab Namemytab2
01/21/2019 04:07:07 PM Column NameColumn C
01/21/2019 04:07:07 PM Search Text1234567
01/21/2019 04:07:07 PM Reading Input File
01/21/2019 04:20:09 PM ------------------------------------------------------------------------------------------
01/21/2019 04:20:09 PM ------------------------------------Started Processing------------------------------------
01/21/2019 04:20:09 PM ------------------------------------------------------------------------------------------
01/21/2019 04:20:09 PM Fetching Input
01/21/2019 04:20:09 PM Document Nametest.xlsx
01/21/2019 04:20:09 PM Tab Namemytab2
01/21/2019 04:20:09 PM Column NameColumn C
01/21/2019 04:20:09 PM Search Text1234567
01/21/2019 04:20:09 PM Reading Input File
01/21/2019 04:21:12 PM ------------------------------------------------------------------------------------------
01/21/2019 04:21:12 PM ------------------------------------Started Processing------------------------------------
01/21/2019 04:21:12 PM ------------------------------------------------------------------------------------------
01/21/2019 04:21:12 PM Fetching Input
01/21/2019 04:21:12 PM Document Nametest.xlsx
01/21/2019 04:21:12 PM Tab Namemytab2
01/21/2019 04:21:12 PM Column NameColumn C
01/21/2019 04:21:12 PM Search Text1234567
01/21/2019 04:21:12 PM Reading Input File
01/21/2019 04:22:14 PM ------------------------------------------------------------------------------------------
01/21/2019 04:22:14 PM ------------------------------------Started Processing------------------------------------
01/21/2019 04:22:14 PM ------------------------------------------------------------------------------------------
01/21/2019 04:22:14 PM Fetching Input
01/21/2019 04:22:14 PM Document Nametest.xlsx
01/21/2019 04:22:14 PM Tab Namemytab2
01/21/2019 04:22:14 PM Column NameColumn C
01/21/2019 04:22:14 PM Search Text1234567
01/21/2019 04:22:14 PM Reading Input File
01/21/2019 04:22:42 PM ------------------------------------------------------------------------------------------
01/21/2019 04:22:42 PM ------------------------------------Started Processing------------------------------------
01/21/2019 04:22:42 PM ------------------------------------------------------------------------------------------
01/21/2019 04:22:42 PM Fetching Input
01/21/2019 04:22:42 PM Document Nametest.xlsx
01/21/2019 04:22:42 PM Tab Namemytab2
01/21/2019 04:22:42 PM Column NameColumn C
01/21/2019 04:22:42 PM Search Text1234567
01/21/2019 04:22:42 PM Reading Input File
01/21/2019 04:22:57 PM ------------------------------------------------------------------------------------------
01/21/2019 04:22:57 PM ------------------------------------Started Processing------------------------------------
01/21/2019 04:22:57 PM ------------------------------------------------------------------------------------------
01/21/2019 04:22:57 PM Fetching Input
01/21/2019 04:22:57 PM Document Nametest.xlsx
01/21/2019 04:22:57 PM Tab Namemytab2
01/21/2019 04:22:57 PM Column NameColumn C
01/21/2019 04:22:57 PM Search Text1234567
01/21/2019 04:22:57 PM Reading Input File
01/21/2019 04:23:42 PM ------------------------------------------------------------------------------------------
01/21/2019 04:23:42 PM ------------------------------------Started Processing------------------------------------
01/21/2019 04:23:42 PM ------------------------------------------------------------------------------------------
01/21/2019 04:23:42 PM Fetching Input
01/21/2019 04:23:42 PM Document Nametest.xlsx
01/21/2019 04:23:42 PM Tab Namemytab2
01/21/2019 04:23:42 PM Column NameColumn C
01/21/2019 04:23:42 PM Search Text1234567
01/21/2019 04:23:42 PM Reading Input File
01/21/2019 04:24:22 PM ------------------------------------------------------------------------------------------
01/21/2019 04:24:22 PM ------------------------------------Started Processing------------------------------------
01/21/2019 04:24:22 PM ------------------------------------------------------------------------------------------
01/21/2019 04:24:22 PM Fetching Input
01/21/2019 04:24:22 PM Document Nametest.xlsx
01/21/2019 04:24:22 PM Tab Namemytab2
01/21/2019 04:24:22 PM Column NameColumn C
01/21/2019 04:24:22 PM Search Text1234567
01/21/2019 04:24:22 PM Reading Input File
01/21/2019 04:25:23 PM ------------------------------------------------------------------------------------------
01/21/2019 04:25:23 PM ------------------------------------Started Processing------------------------------------
01/21/2019 04:25:23 PM ------------------------------------------------------------------------------------------
01/21/2019 04:25:23 PM Fetching Input
01/21/2019 04:25:23 PM Document Nametest.xlsx
01/21/2019 04:25:23 PM Tab Namemytab2
01/21/2019 04:25:23 PM Column NameColumn C
01/21/2019 04:25:23 PM Search Text1234567
01/21/2019 04:25:23 PM Reading Input File
01/21/2019 04:26:18 PM ------------------------------------------------------------------------------------------
01/21/2019 04:26:18 PM ------------------------------------Started Processing------------------------------------
01/21/2019 04:26:18 PM ------------------------------------------------------------------------------------------
01/21/2019 04:26:18 PM Fetching Input
01/21/2019 04:26:18 PM Document Nametest.xlsx
01/21/2019 04:26:18 PM Tab Namemytab2
01/21/2019 04:26:18 PM Column NameColumn C
01/21/2019 04:26:18 PM Search Text1234567
01/21/2019 04:26:18 PM Reading Input File
01/21/2019 04:26:41 PM ------------------------------------------------------------------------------------------
01/21/2019 04:26:41 PM ------------------------------------Started Processing------------------------------------
01/21/2019 04:26:41 PM ------------------------------------------------------------------------------------------
01/21/2019 04:26:41 PM Fetching Input
01/21/2019 04:26:41 PM Document Nametest.xlsx
01/21/2019 04:26:41 PM Tab Namemytab2
01/21/2019 04:26:41 PM Column NameColumn C
01/21/2019 04:26:41 PM Search Text1234567
01/21/2019 04:26:41 PM Reading Input File
01/21/2019 04:26:51 PM ------------------------------------------------------------------------------------------
01/21/2019 04:26:51 PM ------------------------------------Started Processing------------------------------------
01/21/2019 04:26:51 PM ------------------------------------------------------------------------------------------
01/21/2019 04:26:51 PM Fetching Input
01/21/2019 04:26:51 PM Document Nametest.xlsx
01/21/2019 04:26:51 PM Tab Namemytab2
01/21/2019 04:26:51 PM Column NameColumn C
01/21/2019 04:26:51 PM Search Text1234567
01/21/2019 04:26:51 PM Reading Input File
01/21/2019 04:27:18 PM ------------------------------------------------------------------------------------------
01/21/2019 04:27:18 PM ------------------------------------Started Processing------------------------------------
01/21/2019 04:27:18 PM ------------------------------------------------------------------------------------------
01/21/2019 04:27:18 PM Fetching Input
01/21/2019 04:27:18 PM Document Nametest.xlsx
01/21/2019 04:27:18 PM Tab Namemytab2
01/21/2019 04:27:18 PM Column NameColumn C
01/21/2019 04:27:18 PM Search TextABC
01/21/2019 04:27:18 PM Reading Input File
